<?xml version="1.0" encoding="UTF-8"?>
<testsuite name="ondoc.lkp.tests.medcard.DeleteAnalysis" tests="1" skipped="0" failures="0" errors="0" timestamp="2019-08-01T15:32:17" hostname="MacBook-Air-3.local" time="6.182">
  <properties/>
  <testcase name="testDeleteAnalysis" classname="ondoc.lkp.tests.medcard.DeleteAnalysis" time="6.182"/>
  <system-out><![CDATA[]]></system-out>
  <system-err><![CDATA[]]></system-err>
</testsuite>
